<?xml version="1.0" encoding="UTF-8"?>
<testng-results skipped="0" failed="0" ignored="0" total="2" passed="2">
  <reporter-output>
  </reporter-output>
  <suite name="JBK_Customer_Mangagement_System" duration-ms="25404" started-at="2022-01-28T13:25:56Z" finished-at="2022-01-28T13:26:21Z">
    <groups>
    </groups>
    <test name="Offline_Course Site Test" duration-ms="25404" started-at="2022-01-28T13:25:56Z" finished-at="2022-01-28T13:26:21Z">
      <class name="com.testcases.TC_LoginTest_01">
        <test-method status="PASS" signature="setup(java.lang.String)[pri:0, instance:com.testcases.TC_LoginTest_01@12d4bf7e]" name="setup" is-config="true" duration-ms="4016" started-at="2022-01-28T13:25:56Z" finished-at="2022-01-28T13:26:00Z">
          <params>
            <param index="0">
              <value>
                <![CDATA[chrome]]>
              </value>
            </param>
          </params>
          <reporter-output>
          </reporter-output>
        </test-method> <!-- setup -->
        <test-method status="PASS" signature="loginTest()[pri:0, instance:com.testcases.TC_LoginTest_01@12d4bf7e]" name="loginTest" duration-ms="2412" started-at="2022-01-28T13:26:00Z" finished-at="2022-01-28T13:26:02Z">
          <reporter-output>
          </reporter-output>
        </test-method> <!-- loginTest -->
        <test-method status="PASS" signature="tearDown()[pri:0, instance:com.testcases.TC_LoginTest_01@12d4bf7e]" name="tearDown" is-config="true" duration-ms="729" started-at="2022-01-28T13:26:02Z" finished-at="2022-01-28T13:26:03Z">
          <reporter-output>
          </reporter-output>
        </test-method> <!-- tearDown -->
      </class> <!-- com.testcases.TC_LoginTest_01 -->
      <class name="com.testcases.TC_AddUserTest_02">
        <test-method status="PASS" signature="setup(java.lang.String)[pri:0, instance:com.testcases.TC_AddUserTest_02@4c1d9d4b]" name="setup" is-config="true" duration-ms="2476" started-at="2022-01-28T13:26:03Z" finished-at="2022-01-28T13:26:05Z">
          <params>
            <param index="0">
              <value>
                <![CDATA[chrome]]>
              </value>
            </param>
          </params>
          <reporter-output>
          </reporter-output>
        </test-method> <!-- setup -->
        <test-method status="PASS" signature="addNewCustomer()[pri:0, instance:com.testcases.TC_AddUserTest_02@4c1d9d4b]" name="addNewCustomer" duration-ms="14766" started-at="2022-01-28T13:26:05Z" finished-at="2022-01-28T13:26:20Z">
          <reporter-output>
          </reporter-output>
        </test-method> <!-- addNewCustomer -->
        <test-method status="PASS" signature="tearDown()[pri:0, instance:com.testcases.TC_AddUserTest_02@4c1d9d4b]" name="tearDown" is-config="true" duration-ms="721" started-at="2022-01-28T13:26:20Z" finished-at="2022-01-28T13:26:21Z">
          <reporter-output>
          </reporter-output>
        </test-method> <!-- tearDown -->
      </class> <!-- com.testcases.TC_AddUserTest_02 -->
    </test> <!-- Offline_Course Site Test -->
  </suite> <!-- JBK_Customer_Mangagement_System -->
</testng-results>
